warning: unused import: `zeroize::Zeroize`
 --> crypto/src/commitment.rs:6:5
  |
6 | use zeroize::Zeroize;
  |     ^^^^^^^^^^^^^^^^
  |
  = note: `#[warn(unused_imports)]` (part of `#[warn(unused)]`) on by default

warning: unused import: `zeroize::Zeroize`
 --> crypto/src/nullifier.rs:6:5
  |
6 | use zeroize::Zeroize;
  |     ^^^^^^^^^^^^^^^^

warning: `zc-crypto` (lib) generated 2 warnings (run `cargo fix --lib -p zc-crypto` to apply 2 suggestions)
    Finished `release` profile [optimized] target(s) in 1.35s
     Running `target/release/zk-prover transfer --witness proof_archive/20260330_202613/witness.json --proving-key proof_archive/20260330_202613/transfer.pk --output proof_archive/20260330_202613/proof.bin`
[2026-03-31T00:26:42Z INFO  zk_prover] Generating shielded transfer proof...
[2026-03-31T00:26:42Z INFO  zk_prover::groth16_prover] Loading proving key from proof_archive/20260330_202613/transfer.pk (6384 bytes)
[2026-03-31T00:26:42Z INFO  zk_prover::groth16_prover] Proving key loaded
[2026-03-31T00:26:42Z INFO  zk_prover::groth16_prover] Generating transfer proof...
[2026-03-31T00:26:42Z INFO  zk_prover::groth16_prover]   Inputs: 1, Outputs: 1
[2026-03-31T00:26:42Z INFO  zk_prover::groth16_prover] Proof generated successfully
[2026-03-31T00:26:42Z INFO  zk_prover] Proof saved to proof_archive/20260330_202613/proof.bin
[2026-03-31T00:26:42Z INFO  zk_prover] Submission size: 419 bytes
