warning: unused import: `zeroize::Zeroize`
 --> crypto/src/commitment.rs:6:5
  |
6 | use zeroize::Zeroize;
  |     ^^^^^^^^^^^^^^^^
  |
  = note: `#[warn(unused_imports)]` (part of `#[warn(unused)]`) on by default

warning: unused import: `zeroize::Zeroize`
 --> crypto/src/nullifier.rs:6:5
  |
6 | use zeroize::Zeroize;
  |     ^^^^^^^^^^^^^^^^

warning: `zc-crypto` (lib) generated 2 warnings (run `cargo fix --lib -p zc-crypto` to apply 2 suggestions)
    Finished `release` profile [optimized] target(s) in 0.55s
     Running `target/release/zk-prover verify --proof proof_archive/20260330_202613/proof.bin --vk proof_archive/20260330_202613/transfer.vk`
[2026-03-31T00:26:43Z INFO  zk_prover] Verifying proof...
[2026-03-31T00:26:43Z INFO  zk_prover::groth16_prover] Loading verifying key from proof_archive/20260330_202613/transfer.vk (840 bytes)
[2026-03-31T00:26:43Z INFO  zk_prover::groth16_prover] Verifying key loaded
[2026-03-31T00:26:43Z INFO  zk_prover::groth16_prover] Verifying transfer proof with 5 public inputs...
[2026-03-31T00:26:43Z INFO  zk_prover::groth16_prover] Verification result: true
[2026-03-31T00:26:43Z INFO  zk_prover] ✓ Proof is VALID
